2014-12-18 09:02:59 wram.testuser.jerry@gmail.com
2014-12-18 09:05:27 wram.testuser.jerry@gmail.com
2014-12-18 09:05:30 wram.testuser.jerry@gmail.com
2014-12-18 10:53:40 wram.testuser.jerry@gmail.com
2014-12-18 10:53:43 wram.testuser.jerry@gmail.com
2014-12-18 11:06:04 wram.testuser.jerry@gmail.com
2014-12-18 11:07:14 msn
2014-12-18 11:09:24 msn
2014-12-18 11:16:53 msn
2014-12-18 11:18:24 msn
2014-12-18 11:36:33 msn
2014-12-18 11:45:22 msn
2014-12-18 11:48:20 msn
2014-12-18 11:54:16 msn
2014-12-19 13:19:21 wram.testuser.jerry@gmail.com
2014-12-19 14:26:42 wram.testuser.jerry@gmail.com
2014-12-19 14:26:56 wram.testuser.jerry@gmail.com
2014-12-19 14:29:51 wram.testuser.jerry@gmail.com
2014-12-19 14:29:55 wram.testuser.jerry@gmail.com
2014-12-19 14:35:00 wram.testuser.jerry@gmail.com
2014-12-22 14:58:05 wram.testuser.jerry@gmail.com
2014-12-22 15:22:19 wram.testuser.jerry@gmail.com
2014-12-22 15:23:11 wram.testuser.jerry@gmail.com
2014-12-22 15:23:24 wram.testuser.jerry@gmail.com
2014-12-23 07:51:04 wram.testuser.jerry@gmail.com
2014-12-23 07:51:16 wram.testuser.jerry@gmail.com
2014-12-23 09:21:51 wram.testuser.jerry@gmail.com
2014-12-23 10:39:04 wram.testuser.jerry@gmail.com
2014-12-23 10:40:50 wram.testuser.jerry@gmail.com
2014-12-23 12:01:06 wram.testuser.jerry@gmail.com
2014-12-23 12:06:14 wram.testuser.jerry@gmail.com
2014-12-23 12:07:27 wram.testuser.jerry@gmail.com
2014-12-23 12:07:42 wram.testuser.jerry@gmail.com
2014-12-23 12:11:03 wram.testuser.jerry@gmail.com
2014-12-23 14:51:58 wram.testuser.jerry@gmail.com
2014-12-23 14:52:11 wram.testuser.jerry@gmail.com
2015-01-08 09:12:39 timmgiles@gmail.com
2015-01-08 09:13:24 timmgiles@gmail.com
2015-01-08 09:13:39 timmgiles@gmail.com
2015-01-08 09:14:05 timmgiles@gmail.com
2015-01-08 09:14:23 timmgiles@gmail.com
2015-01-08 09:14:26 timmgiles@gmail.com
2015-01-08 09:14:28 timmgiles@gmail.com
2015-01-08 09:14:31 timmgiles@gmail.com
2015-01-08 09:14:33 timmgiles@gmail.com
2015-01-08 09:14:57 timmgiles@gmail.com
2015-01-08 09:18:21 fromukic@gmail.com
2015-01-08 09:30:20 fromukic@gmail.com
2015-01-08 10:12:04 fromukic@gmail.com
2015-01-08 11:19:39 msn
2015-01-09 08:33:18 fromukic@gmail.com
2015-01-09 08:33:33 fromukic@gmail.com
2015-01-09 09:02:26 fromukic@gmail.com
2015-01-09 09:03:24 fromukic@gmail.com
2015-01-09 09:04:13 fromukic@gmail.com
2015-01-15 08:44:05 fromukic@gmail.com
2015-01-15 08:44:59 fromukic@gmail.com
2015-01-15 09:15:19 fromukic@gmail.com
2015-01-15 09:18:04 fromukic@gmail.com
2015-01-15 09:27:47 fromukic@gmail.com
2015-01-15 09:28:48 fromukic@gmail.com
2015-01-15 10:27:40 fromukic@gmail.com
2015-01-22 14:33:48 wramtestuser12@gmail.com
2015-01-23 14:44:42 wramtestuser12@gmail.com
2015-01-26 08:36:15 fromukic@gmail.com
2015-01-26 08:36:46 fromukic@gmail.com
2015-02-02 10:14:28 fromukic@gmail.com
2015-02-11 10:39:40 fromukic@gmail.com
2015-02-11 11:24:55 fromukic@gmail.com
2015-02-11 11:27:32 fromukic@gmail.com
2015-02-11 11:40:34 timmgiles@gmail.com
2015-02-11 11:44:21 timmgiles@gmail.com
2015-02-11 11:46:32 timmgiles@gmail.com
2015-04-30 10:55:35 msn
2016-01-11 12:17:00 msn
2016-01-11 12:21:47 msn
2016-01-11 12:47:57 msn
2016-01-11 12:54:28 msn
2016-01-11 12:55:32 msn
2016-01-11 13:49:50 msn
2016-03-01 16:22:17 msn
2017-06-12 16:25:06 msn
2017-06-12 16:29:39 msn
2017-06-12 16:30:02 msn
2017-06-12 16:37:13 msn
2017-10-11 17:53:45 msn
2017-10-11 17:56:52 msn
2017-10-11 20:40:12 msn
2017-10-11 21:08:16 msn
2017-10-16 10:37:42 msn
2017-10-27 08:42:44 
2017-10-27 08:43:32 
2017-10-27 08:56:08 
2017-10-27 08:56:34 
2017-10-27 09:07:01 null
2017-12-01 13:36:35 timmgiles
2017-12-01 13:59:39 timmgiles
2017-12-01 14:34:29 timmgiles
2017-12-04 11:33:14 timgiles
2017-12-04 11:34:58 timgiles
2017-12-04 12:24:36 timgiles
2017-12-04 12:48:54 ivanclegg
2017-12-04 12:53:25 testuser
2017-12-04 13:09:30 null
2017-12-04 13:23:54 testuser@slu.se
2017-12-04 13:29:11 testuser@slu.se
2017-12-04 14:52:59 testuser@slu.se
2017-12-04 18:57:12 timothy.giles@slu.se
2017-12-04 18:58:02 timothy.giles@slu.se
2017-12-04 19:03:32 timothy.giles@slu.se
2017-12-04 19:04:07 timothy.giles@slu.se
2017-12-04 19:04:26 timothy.giles@slu.se
2017-12-04 19:05:38 timothy.giles@slu.se
2017-12-04 19:55:24 timothy.giles@slu.se
2017-12-04 20:30:14 timothy.giles@slu.se
2017-12-04 20:47:58 timothy.giles@slu.se
2017-12-04 21:06:40 timothy.giles@slu.se
2017-12-04 21:13:26 timothy.giles@slu.se
2017-12-04 21:32:31 timothy.giles@slu.se
2017-12-06 07:57:19 timgiles
2017-12-06 07:57:43 timgiles
2017-12-06 08:57:13 timothy.giles@slu.se
2017-12-06 10:20:32 1c8617a3-3a45-4ab5-b8c9-d79ea5e134af
2017-12-06 14:39:01 timothy.giles@slu.se
2017-12-06 14:39:10 timothy.giles@slu.se
2017-12-06 14:39:19 timothy.giles@slu.se
2017-12-08 13:22:39 timmgiles@gmail.com
2017-12-08 13:33:12 timmgiles@gmail.com
2017-12-08 13:38:06 timmgiles@gmail.com
2017-12-08 13:42:11 timmgiles@gmail.com
2017-12-08 13:48:17 timmgiles@gmail.com
2017-12-08 13:52:36 timmgiles@gmail.com
2017-12-08 13:58:12 timmgiles@gmail.com
2017-12-08 14:08:02 timmgiles@gmail.com
2017-12-08 14:10:35 timmgiles@gmail.com
2017-12-08 14:15:52 timmgiles@gmail.com
2017-12-08 14:16:31 timothy.giles@slu.se
2017-12-08 14:17:11 timmgiles@gmail.com
2017-12-08 14:17:40 timmgiles@gmail.com
2017-12-08 14:19:07 timmgiles@gmail.com
2017-12-08 14:19:18 timmgiles@gmail.com
2017-12-08 14:19:25 timmgiles@gmail.com
2017-12-08 14:24:22 null
2017-12-08 14:36:37 timmgiles@gmail.com
2017-12-08 14:42:44 timmgiles@gmail.com
2017-12-08 14:46:06 timmgiles@gmail.com
2017-12-08 14:46:19 timmgiles@gmail.com
2017-12-08 14:52:50 timmgiles@gmail.com
2017-12-08 14:54:22 timmgiles@gmail.com
2017-12-08 14:57:46 timmgiles@gmail.com
2017-12-08 14:59:24 timmgiles@gmail.com
2017-12-08 20:14:45 timmgiles@gmail.com
2017-12-08 20:17:20 timmgiles@gmail.com
2017-12-08 20:18:06 timmgiles@gmail.com
2017-12-08 20:19:39 timmgiles@gmail.com
2017-12-08 20:20:31 timmgiles@gmail.com
2017-12-08 20:21:24 timmgiles@gmail.com
2017-12-08 20:28:31 timmgiles@gmail.com
2017-12-08 20:31:58 timmgiles@gmail.com
2017-12-08 20:55:22 timmgiles@gmail.com
2017-12-08 21:31:10 timmgiles@gmail.com
2017-12-08 21:38:00 timmgiles@gmail.com
2017-12-08 21:39:57 timmgiles@gmail.com
2017-12-08 21:40:52 timmgiles@gmail.com
2017-12-11 10:02:40 timmgiles@gmail.com
2017-12-11 10:07:59 timmgiles@gmail.com
2017-12-11 10:25:45 timmgiles@gmail.com
2017-12-11 10:35:19 timmgiles@gmail.com
2017-12-11 10:38:01 timmgiles@gmail.com
2017-12-11 10:39:08 timmgiles@gmail.com
2017-12-11 10:40:04 timmgiles@gmail.com
2017-12-11 10:53:44 timmgiles@gmail.com
2017-12-11 11:05:31 timmgiles@gmail.com
2017-12-11 11:09:32 timmgiles@gmail.com
2017-12-11 11:20:09 timmgiles@gmail.com
2017-12-11 11:22:46 timmgiles@gmail.com
2017-12-11 11:32:30 timmgiles@gmail.com
2017-12-11 11:35:35 timmgiles@gmail.com
2017-12-11 12:48:19 timmgiles@gmail.com
2017-12-11 12:56:44 timmgiles@gmail.com
2017-12-11 13:11:20 timmgiles@gmail.com
2018-01-09 16:21:09 timmgiles@gmail.com
2018-01-09 17:45:58 holger.dettki.se@gmail.com
2018-01-10 12:22:20 holger.dettki.se@gmail.com
2018-01-25 15:52:26 holger.dettki.se@gmail.com
2018-02-08 13:34:13 fromukic@gmail.com
2018-02-09 14:17:40 fromukic@gmail.com
2018-02-15 12:38:39 fromukic@gmail.com
2018-02-23 15:51:07 erik.lovbom@slu.se
2018-02-23 16:36:47 oscaxe90@gmail.com
2018-03-01 14:11:30 oscaxe90@gmail.com
2018-03-01 14:52:27 lovbom@gmail.com
2018-03-22 14:02:43 oscaxe90@gmail.com
2018-07-06 08:39:16 lovbom@gmail.com
2018-07-06 09:02:28 lovbom@gmail.com
2018-08-06 13:43:54 timmgiles@gmail.com
2018-09-19 13:56:51 lovbom@gmail.com
2018-09-19 13:57:06 lovbom@gmail.com
2018-11-06 15:17:30 thopet2002@gmail.com
2018-11-15 09:18:48 johanna.gafvels@gmail.com
2018-11-20 13:42:14 thomas.pettersson@qurit.se
2018-11-20 15:26:04 linus.gafvels@gmail.com
2018-11-20 15:27:33 linus.gafvels@gmail.com
2018-11-20 15:28:18 linus.gafvels@gmail.com
2018-11-20 15:28:53 linus.gafvels@gmail.com
2018-11-26 19:10:04 linus.gafvels@gmail.com
2018-11-27 14:32:19 thomas.pettersson@qurit.se
2018-11-27 14:35:03 gustav.lovbom@gmail.com
2018-11-27 14:35:21 gustav.lovbom@gmail.com
2018-11-27 14:41:08 thomas.pettersson@qurit.se
2018-11-27 14:52:53 thomas.pettersson@qurit.se
2018-11-27 14:57:51 thomas.pettersson@qurit.se
2018-11-27 17:28:05 linus.gafvels@gmail.com
2018-11-27 17:39:48 linus.gafvels@gmail.com
2018-11-27 18:00:07 linus.gafvels@gmail.com
2018-11-27 18:01:07 linus.gafvels@gmail.com
2018-11-27 18:04:27 linus.gafvels@gmail.com
2018-11-28 11:24:29 gustav.lovbom@gmail.com
2018-11-28 11:28:28 gustav.lovbom@gmail.com
2018-11-28 12:07:56 gustav.lovbom@gmail.com
2018-11-28 12:22:44 gustav.lovbom@gmail.com
2018-11-28 12:29:48 gustav.lovbom@gmail.com
2018-11-28 12:40:23 gustav.lovbom@gmail.com
2018-11-28 13:42:33 gustav.lovbom@gmail.com
2018-11-28 13:47:06 gustav.lovbom@gmail.com
2018-11-28 14:06:33 gustav.lovbom@gmail.com
2018-11-28 16:43:39 gustav.lovbom@gmail.com
2018-11-28 16:55:44 gustav.lovbom@gmail.com
2018-12-03 16:14:56 linus.gafvels@gmail.com
2018-12-03 16:16:56 linus.gafvels@gmail.com
2018-12-03 16:29:15 linus.gafvels@gmail.com
2018-12-04 09:57:21 linus.gafvels@gmail.com
2018-12-04 09:59:29 linus.gafvels@gmail.com
2018-12-04 16:30:51 linus.gafvels@gmail.com
2018-12-04 16:32:42 linus.gafvels@gmail.com
2019-01-31 13:44:56 faisal.farman@gmail.com
2019-02-28 12:32:20 faisal.farman@gmail.com
2019-03-06 15:10:44 faisal.farman@slu.se
2019-04-15 12:50:35 faisal.farman@gmail.com
2019-04-15 15:00:00 niklasgfvels@gmail.com
2019-04-15 15:05:18 lars.sigfridsson@qurit.se
2019-04-15 16:35:45 lars.sigfridsson@qurit.se
2019-08-05 15:50:54 niklasgfvels@gmail.com
2019-08-20 14:20:02 niklasgfvels@gmail.com
2019-08-20 14:44:09 niklasgfvels@gmail.com
2019-08-20 14:49:07 niklasgfvels@gmail.com
2019-08-20 14:52:05 niklasgfvels@gmail.com
2019-08-23 12:43:28 niklasgfvels@gmail.com
2019-08-23 12:43:28 niklasgfvels@gmail.com
2019-08-23 13:16:43 niklasgfvels@gmail.com
2019-08-23 13:20:49 niklasgfvels@gmail.com
2019-08-23 13:23:35 niklasgfvels@gmail.com
2019-08-26 09:15:11 niklasgfvels@gmail.com
2019-08-26 09:43:42 niklasgfvels@gmail.com
2019-08-26 09:47:41 niklasgfvels@gmail.com
2019-08-26 10:02:45 niklasgfvels@gmail.com
2019-08-26 10:07:43 niklasgfvels@gmail.com
2019-08-26 10:08:15 niklasgfvels@gmail.com
2019-08-26 11:57:51 niklasgfvels@gmail.com
2019-08-26 15:13:31 blabla
2019-08-27 09:42:42 niklasgfvels@gmail.com
2019-08-27 09:44:40 blabla
2019-08-27 10:38:59 mathew.whitey@gmail.com
2019-08-27 10:39:53 mathew.whitey@gmail.com
2019-08-27 10:41:53 mathew.whitey@gmail.com
2019-08-27 10:44:09 mathew.whitey@gmail.com
2019-08-27 10:53:35 mathew.whitey@gmail.com
2019-08-27 10:56:40 mathew.whitey@gmail.com
2019-08-27 11:01:23 mathew.whitey@gmail.com
2019-08-27 11:02:12 mathew.whitey@gmail.com
2019-08-27 11:02:56 mathew.whitey@gmail.com
2019-08-27 11:09:06 mathew.whitey@gmail.com
2019-08-27 11:10:45 mathew.whitey@gmail.com
2019-08-27 11:11:12 mathew.whitey@gmail.com
2019-08-27 11:15:10 mathew.whitey@gmail.com
2019-08-27 11:18:28 mathew.whitey@gmail.com
2019-08-27 11:20:01 mathew.whitey@gmail.com
2019-08-27 12:07:39 mathew.whitey@gmail.com
2019-08-27 12:09:04 mathew.whitey@gmail.com
2019-08-27 12:09:16 mathew.whitey@gmail.com
2019-08-27 12:10:39 mathew.whitey@gmail.com
2019-08-27 12:15:33 mathew.whitey@gmail.com
2019-08-27 12:19:04 mathew.whitey@gmail.com
2019-08-27 12:20:54 mathew.whitey@gmail.com
2019-08-27 12:24:53 mathew.whitey@gmail.com
2019-08-27 12:42:44 mathew.whitey@gmail.com
2019-08-27 12:46:29 mathew.whitey@gmail.com
2019-08-27 12:47:36 mathew.whitey@gmail.com
2019-08-27 12:51:17 mathew.whitey@gmail.com
2019-08-27 12:52:43 mathew.whitey@gmail.com
2019-08-27 12:57:24 mathew.whitey@gmail.com
2019-08-27 13:06:45 mathew.whitey@gmail.com
2019-08-27 13:07:57 mathew.whitey@gmail.com
2019-08-27 13:13:58 mathew.whitey@gmail.com
2019-08-27 13:19:00 mathew.whitey@gmail.com
2019-08-27 13:20:01 mathew.whitey@gmail.com
2019-08-27 13:48:02 mathew.whitey@gmail.com
2019-08-27 13:48:36 mathew.whitey@gmail.com
2019-08-27 13:49:05 mathew.whitey@gmail.com
2019-08-27 14:35:24 niklasgfvels@gmail.com
2019-08-27 14:47:23 niklasgfvels@gmail.com
2019-08-28 10:12:19 niklasgfvels@gmail.com
2019-08-28 10:27:47 mathew.whitey@gmail.com
2019-08-28 10:30:11 mathew.whitey@gmail.com
2019-08-28 11:06:38 niklasgfvels@gmail.com
2019-08-28 11:07:26 niklasgfvels@gmail.com
2019-08-28 11:08:15 niklasgfvels@gmail.com
2019-08-28 11:09:32 niklasgfvels@gmail.com
2019-08-28 16:30:00 mathew.whitey@gmail.com
2019-08-28 16:31:15 mathew.whitey@gmail.com
2019-08-28 16:35:27 mathew.whitey@gmail.com
2019-08-28 16:36:27 mathew.whitey@gmail.com
2019-08-28 16:37:17 mathew.whitey@gmail.com
2019-08-28 17:20:34 mathew.whitey@gmail.com
2019-08-28 17:22:56 mathew.whitey@gmail.com
2019-08-28 17:24:43 mathew.whitey@gmail.com
2019-08-28 17:47:34 mathew.whitey@gmail.com
2019-08-28 17:47:49 mathew.whitey@gmail.com
2019-08-28 17:57:35 mathew.whitey@gmail.com
2019-08-28 18:00:29 mathew.whitey@gmail.com
2019-08-28 18:08:32 mathew.whitey@gmail.com
2019-08-28 18:08:59 mathew.whitey@gmail.com
2019-08-28 18:11:43 mathew.whitey@gmail.com
2019-08-28 18:14:22 mathew.whitey@gmail.com
2019-08-28 18:15:25 mathew.whitey@gmail.com
2019-08-28 18:16:51 mathew.whitey@gmail.com
2019-08-28 18:18:02 mathew.whitey@gmail.com
2019-08-28 18:18:27 mathew.whitey@gmail.com
2019-08-28 18:22:22 mathew.whitey@gmail.com
2019-08-28 18:22:38 mathew.whitey@gmail.com
2019-08-28 18:26:46 mathew.whitey@gmail.com
2019-08-28 18:28:18 mathew.whitey@gmail.com
2019-08-28 18:31:05 mathew.whitey@gmail.com
2019-08-28 18:33:28 mathew.whitey@gmail.com
2019-08-28 18:33:42 mathew.whitey@gmail.com
2019-08-28 18:34:42 mathew.whitey@gmail.com
2019-08-28 18:38:25 mathew.whitey@gmail.com
2019-08-29 09:02:42 mathew.whitey@gmail.com
2019-08-29 09:03:26 mathew.whitey@gmail.com
2019-08-29 09:49:23 niklasgfvels@gmail.com
2019-08-29 09:50:00 niklasgfvels@gmail.com
2019-08-29 09:51:23 mathew.whitey@gmail.com
2019-08-29 09:59:53 mathew.whitey@gmail.com
2019-08-29 10:01:43 mathew.whitey@gmail.com
2019-08-29 10:02:01 mathew.whitey@gmail.com
2019-08-29 10:04:00 mathew.whitey@gmail.com
2019-08-29 10:04:10 mathew.whitey@gmail.com
2019-08-29 10:04:25 mathew.whitey@gmail.com
2019-08-29 10:05:10 mathew.whitey@gmail.com
